<?xml version="1.0" encoding="UTF-8"?>
<!-- Generated by org.testng.reporters.JUnitReportReporter -->
<testsuite hostname="e7450-efi" failures="0" tests="3" name="TestNGPackage.DependsOnMethod" time="0.029" errors="0" timestamp="21 Nov 2021 06:33:37 GMT">
  <testcase classname="TestNGPackage.DependsOnMethod" name="homePageTest" time="0.003"/>
  <testcase classname="TestNGPackage.DependsOnMethod" name="searchTest" time="0.005"/>
  <testcase classname="TestNGPackage.DependsOnMethod" name="loginTest" time="0.021"/>
</testsuite> <!-- TestNGPackage.DependsOnMethod -->
