<?xml version="1.0" encoding="UTF-8"?>
<!-- Generated by org.testng.reporters.JUnitReportReporter -->
<testsuite hostname="e7450-efi" failures="0" tests="10" name="TestNGPackage.InvocationCountConcept" time="0.062" errors="0" timestamp="21 Nov 2021 06:28:26 GMT">
  <testcase classname="TestNGPackage.InvocationCountConcept" name="CreateUser" time="0.004"/>
  <testcase classname="TestNGPackage.InvocationCountConcept" name="CreateUser" time="0.008"/>
  <testcase classname="TestNGPackage.InvocationCountConcept" name="CreateUser" time="0.001"/>
  <testcase classname="TestNGPackage.InvocationCountConcept" name="CreateUser" time="0.018"/>
  <testcase classname="TestNGPackage.InvocationCountConcept" name="CreateUser" time="0.009"/>
  <testcase classname="TestNGPackage.InvocationCountConcept" name="CreateUser" time="0.006"/>
  <testcase classname="TestNGPackage.InvocationCountConcept" name="CreateUser" time="0.003"/>
  <testcase classname="TestNGPackage.InvocationCountConcept" name="CreateUser" time="0.007"/>
  <testcase classname="TestNGPackage.InvocationCountConcept" name="CreateUser" time="0.002"/>
  <testcase classname="TestNGPackage.InvocationCountConcept" name="CreateUser" time="0.004"/>
</testsuite> <!-- TestNGPackage.InvocationCountConcept -->
