<?xml version="1.0" encoding="UTF-8"?>
<!-- Generated by org.testng.reporters.JUnitReportReporter -->
<testsuite hostname="e7450-efi" failures="0" tests="1" name="TestNGPackage.ExpectedExceptionConcept" time="0.013" errors="0" timestamp="21 Nov 2021 06:24:39 GMT">
  <testcase classname="TestNGPackage.ExpectedExceptionConcept" name="loginTest" time="0.013"/>
</testsuite> <!-- TestNGPackage.ExpectedExceptionConcept -->
