<?xml version="1.0" encoding="UTF-8"?>
<!-- Generated by org.testng.reporters.JUnitReportReporter -->
<testsuite hostname="e7450-efi" failures="0" tests="5" name="TestNGPackage.PriorityTest" time="0.029" errors="0" timestamp="21 Nov 2021 05:37:47 GMT">
  <testcase classname="TestNGPackage.PriorityTest" name="test2" time="0.005"/>
  <testcase classname="TestNGPackage.PriorityTest" name="test5" time="0.003"/>
  <testcase classname="TestNGPackage.PriorityTest" name="test3" time="0.006"/>
  <testcase classname="TestNGPackage.PriorityTest" name="test1" time="0.002"/>
  <testcase classname="TestNGPackage.PriorityTest" name="test4" time="0.013"/>
</testsuite> <!-- TestNGPackage.PriorityTest -->
