<?xml version="1.0" encoding="UTF-8"?>
<!-- Generated by org.testng.reporters.JUnitReportReporter -->
<testsuite hostname="e7450-efi" failures="0" tests="1" name="TestNGPackage.LoginTest" time="8.039" errors="0" timestamp="20 Nov 2021 12:52:42 GMT">
  <testcase classname="TestNGPackage.LoginTest" name="signUpLinkTest" time="8.039"/>
</testsuite> <!-- TestNGPackage.LoginTest -->
